[debug] [2025-01-22T20:43:24.969Z] ----------------------------------------------------------------------
[debug] [2025-01-22T20:43:24.973Z] Command:       C:\Program Files\nodejs\node.exe C:\Users\niyat\AppData\Roaming\npm\node_modules\firebase-tools\lib\bin\firebase.js init
[debug] [2025-01-22T20:43:24.974Z] CLI Version:   13.29.1
[debug] [2025-01-22T20:43:24.974Z] Platform:      win32
[debug] [2025-01-22T20:43:24.975Z] Node Version:  v20.18.0
[debug] [2025-01-22T20:43:24.975Z] Time:          Wed Jan 22 2025 12:43:24 GMT-0800 (Pacific Standard Time)
[debug] [2025-01-22T20:43:24.975Z] ----------------------------------------------------------------------
[debug] 
[debug] [2025-01-22T20:43:24.986Z] > command requires scopes: ["email","openid","https://www.googleapis.com/auth/cloudplatformprojects.readonly","https://www.googleapis.com/auth/firebase","https://www.googleapis.com/auth/cloud-platform"]
[debug] [2025-01-22T20:43:24.987Z] > authorizing via signed-in user (niyati@ucsb.edu)
[info] 
     ######## #### ########  ######## ########     ###     ######  ########
     ##        ##  ##     ## ##       ##     ##  ##   ##  ##       ##
     ######    ##  ########  ######   ########  #########  ######  ######
     ##        ##  ##    ##  ##       ##     ## ##     ##       ## ##
     ##       #### ##     ## ######## ########  ##     ##  ######  ########

You're about to initialize a Firebase project in this directory:

  C:\Users\niyat\pj05-shelfshare\hello-world

[info] 
=== Project Setup
[info] 
[info] First, let's associate this project directory with a Firebase project.
[info] You can create multiple project aliases by running firebase use --add, 
[info] but for now we'll just set up a default project.
[info] 
